GET - / - Tue, 04 Jun 2024 02:47:36 GMT - 1.027 ms
GET - /admin/login - Tue, 04 Jun 2024 03:31:12 GMT - 4360.153 ms
GET - /favicon.ico - Tue, 04 Jun 2024 03:31:13 GMT - 0.641 ms
POST - /admin/login - Tue, 04 Jun 2024 03:31:35 GMT - 1.459 ms
GET - /admin/dashboard - Tue, 04 Jun 2024 03:31:35 GMT - 0.623 ms
GET - /admin/dashboard - Tue, 04 Jun 2024 03:31:58 GMT - 3.082 ms
GET - /admin/login - Tue, 04 Jun 2024 03:32:03 GMT - 3949.540 ms
GET - /admin/login - Tue, 04 Jun 2024 03:32:03 GMT - 8.971 ms
POST - /admin/login - Tue, 04 Jun 2024 03:32:08 GMT - 1.014 ms
GET - /dashboard - Tue, 04 Jun 2024 03:32:08 GMT - 0.610 ms
GET - /admin/login - Tue, 04 Jun 2024 03:33:09 GMT - 7.830 ms
POST - /admin/login - Tue, 04 Jun 2024 03:33:17 GMT - 0.642 ms
GET - /dashboard - Tue, 04 Jun 2024 03:33:17 GMT - 0.508 ms
GET - /dashboard - Tue, 04 Jun 2024 03:35:38 GMT - 1.224 ms
GET - /admin/login - Tue, 04 Jun 2024 03:35:59 GMT - 4063.041 ms
POST - /admin/login - Tue, 04 Jun 2024 03:36:33 GMT - 1.161 ms
GET - /dashboard - Tue, 04 Jun 2024 03:36:33 GMT - 0.389 ms
GET - /dashboard - Tue, 04 Jun 2024 03:37:05 GMT - 0.350 ms
GET - /dashboard - Tue, 04 Jun 2024 03:37:08 GMT - 0.420 ms
GET - /dashboard - Tue, 04 Jun 2024 03:37:09 GMT - 0.506 ms
GET - /dashboard - Tue, 04 Jun 2024 03:37:10 GMT - 0.424 ms
GET - /dashboard - Tue, 04 Jun 2024 03:37:36 GMT - 1.403 ms
GET - /admin/login - Tue, 04 Jun 2024 03:38:15 GMT - 3692.057 ms
POST - /admin/login - Tue, 04 Jun 2024 03:38:37 GMT - 1.393 ms
GET - /dashboard - Tue, 04 Jun 2024 03:38:37 GMT - 0.863 ms
GET - /admin/login - Tue, 04 Jun 2024 03:39:25 GMT - 3845.965 ms
POST - /admin/login - Tue, 04 Jun 2024 03:39:44 GMT - 1.443 ms
GET - /dashboard - Tue, 04 Jun 2024 03:39:44 GMT - 1.427 ms
GET - /admin/login - Tue, 04 Jun 2024 03:41:10 GMT - 3798.942 ms
POST - /admin/login - Tue, 04 Jun 2024 03:41:24 GMT - 2.287 ms
GET - /dashboard - Tue, 04 Jun 2024 03:41:24 GMT - 0.964 ms
GET - /admin/login - Tue, 04 Jun 2024 03:42:12 GMT - 3620.445 ms
POST - /admin/login - Tue, 04 Jun 2024 03:42:28 GMT - 1.670 ms
GET - /dashboard - Tue, 04 Jun 2024 03:42:28 GMT - 1.036 ms
GET - /dashboard - Tue, 04 Jun 2024 03:44:24 GMT - 1.037 ms
GET - /admin/login - Tue, 04 Jun 2024 03:44:37 GMT - 3613.366 ms
POST - /admin/login - Tue, 04 Jun 2024 03:44:52 GMT - 1.295 ms
GET - /admin/dashboard - Tue, 04 Jun 2024 03:44:52 GMT - 16.205 ms
GET - /admin/dashboard - Tue, 04 Jun 2024 03:47:23 GMT - 3670.746 ms
GET - / - Tue, 04 Jun 2024 03:47:27 GMT - 0.293 ms
GET - /admin - Tue, 04 Jun 2024 03:47:35 GMT - 1.518 ms
GET - /admin/login - Tue, 04 Jun 2024 03:47:35 GMT - 7.543 ms
POST - /admin/login - Tue, 04 Jun 2024 03:48:03 GMT - 0.800 ms
GET - /admin/dashboard - Tue, 04 Jun 2024 03:48:03 GMT - 13.443 ms
GET - /admin/logout - Tue, 04 Jun 2024 03:48:05 GMT - 0.792 ms
GET - /admin/login - Tue, 04 Jun 2024 03:48:05 GMT - 7.752 ms
GET - /admin - Tue, 04 Jun 2024 03:48:10 GMT - 0.539 ms
GET - /admin/login - Tue, 04 Jun 2024 03:48:10 GMT - 6.223 ms
GET - /admin/login - Tue, 04 Jun 2024 04:04:18 GMT - 3726.008 ms
GET - /admin/dashboard - Tue, 04 Jun 2024 04:04:35 GMT - 1.431 ms
GET - /admin/login - Tue, 04 Jun 2024 04:04:35 GMT - 7.572 ms
GET - /admin/dashboard - Tue, 04 Jun 2024 04:04:41 GMT - 0.607 ms
GET - /admin/login - Tue, 04 Jun 2024 04:04:41 GMT - 7.283 ms
POST - /admin/login - Tue, 04 Jun 2024 04:04:53 GMT - 0.651 ms
GET - /admin/dashboard - Tue, 04 Jun 2024 04:04:53 GMT - 17.748 ms
GET - /admin/dashboard - Tue, 04 Jun 2024 04:04:56 GMT - 11.510 ms
GET - /admin/dashboard - Tue, 04 Jun 2024 05:04:25 GMT - 2.523 ms
GET - /admin/login - Tue, 04 Jun 2024 05:04:29 GMT - 3762.394 ms
POST - /admin/login - Tue, 04 Jun 2024 05:05:03 GMT - 0.798 ms
GET - /admin/dashboard - Tue, 04 Jun 2024 05:05:03 GMT - 15.694 ms
GET - /admin/logout - Tue, 04 Jun 2024 05:15:18 GMT - 2.928 ms
GET - /admin/login - Tue, 04 Jun 2024 05:15:21 GMT - 3651.253 ms
POST - /admin/login - Tue, 04 Jun 2024 05:15:33 GMT - 0.652 ms
GET - /admin/dashboard - Tue, 04 Jun 2024 05:15:33 GMT - 16.430 ms
POST - /admin/modterate - Tue, 04 Jun 2024 05:15:36 GMT - 0.702 ms
POST - /admin/modterate - Tue, 04 Jun 2024 05:16:15 GMT - 0.477 ms
POST - /admin/modterate - Tue, 04 Jun 2024 05:16:46 GMT - 0.525 ms
GET - /admin/logout - Tue, 04 Jun 2024 05:18:31 GMT - 3.437 ms
GET - /admin/login - Tue, 04 Jun 2024 05:18:35 GMT - 3691.491 ms
GET - /admin/logout - Tue, 04 Jun 2024 05:18:35 GMT - 0.597 ms
GET - /admin/login - Tue, 04 Jun 2024 05:18:35 GMT - 5.702 ms
POST - /admin/login - Tue, 04 Jun 2024 05:18:46 GMT - 0.687 ms
GET - /admin/dashboard - Tue, 04 Jun 2024 05:18:46 GMT - 18.738 ms
POST - /admin/modterate - Tue, 04 Jun 2024 05:18:48 GMT - 0.909 ms
POST - /admin/modterate - Tue, 04 Jun 2024 05:19:18 GMT - 0.393 ms
GET - /admin/dashboard - Tue, 04 Jun 2024 05:19:28 GMT - 11.775 ms
POST - /admin/moderate - Tue, 04 Jun 2024 05:19:30 GMT - 0.475 ms
GET - /admin/dashboard - Tue, 04 Jun 2024 05:19:30 GMT - 17.637 ms
POST - /admin/moderate - Tue, 04 Jun 2024 05:19:32 GMT - 0.395 ms
GET - /admin/dashboard - Tue, 04 Jun 2024 05:19:32 GMT - 9.215 ms
GET - /api/getpost - Tue, 04 Jun 2024 05:25:05 GMT - 1.480 ms
GET - /api/posts - Tue, 04 Jun 2024 05:25:20 GMT - 0.390 ms
GET - /api/posts - Tue, 04 Jun 2024 05:25:25 GMT - 0.486 ms
GET - /api/posts - Tue, 04 Jun 2024 05:25:32 GMT - 1.062 ms
GET - /admin/approve - Tue, 04 Jun 2024 06:14:24 GMT - 2.561 ms
GET - /admin/dashboard - Tue, 04 Jun 2024 06:14:24 GMT - 0.951 ms
GET - /admin/login - Tue, 04 Jun 2024 06:14:27 GMT - 3830.291 ms
POST - /admin/login - Tue, 04 Jun 2024 06:14:56 GMT - 0.516 ms
GET - /admin/dashboard - Tue, 04 Jun 2024 06:14:56 GMT - 16.169 ms
GET - /admin/approve - Tue, 04 Jun 2024 06:15:02 GMT - 0.691 ms
GET - /admin/dashboard - Tue, 04 Jun 2024 06:15:02 GMT - 14.175 ms
GET - /api/post/2 - Tue, 04 Jun 2024 06:29:13 GMT - 1.158 ms
POST - /api/post/2 - Tue, 04 Jun 2024 06:30:14 GMT - 0.430 ms
POST - /api/post/2 - Tue, 04 Jun 2024 06:31:37 GMT - 0.267 ms
POST - /api/post/2 - Tue, 04 Jun 2024 06:32:01 GMT - 0.160 ms
POST - /api/post/2 - Tue, 04 Jun 2024 06:32:57 GMT - 0.168 ms
POST - /api/post - Tue, 04 Jun 2024 06:36:51 GMT - 0.765 ms
POST - /api/post - Tue, 04 Jun 2024 06:37:19 GMT - 0.989 ms
POST - /api/post/2 - Tue, 04 Jun 2024 06:37:28 GMT - 0.269 ms
DELETE - /api/post/2 - Tue, 04 Jun 2024 06:37:54 GMT - 0.370 ms
GET - /api/hello - Tue, 04 Jun 2024 06:41:08 GMT - 0.988 ms
GET - /api/hello - Tue, 04 Jun 2024 06:41:23 GMT - 0.979 ms
DELETE - /api/post/2 - Tue, 04 Jun 2024 06:55:07 GMT - 1.235 ms
POST - /api/post/2 - Tue, 04 Jun 2024 06:55:19 GMT - 0.447 ms
POST - /api/post/2 - Tue, 04 Jun 2024 06:56:42 GMT - 0.186 ms
POST - /api/post/2 - Tue, 04 Jun 2024 06:58:04 GMT - 0.300 ms
POST - /api/post/2 - Tue, 04 Jun 2024 06:58:15 GMT - 0.279 ms
